<?xml version="1.0" encoding="UTF-8"?>
<!-- Generated by org.testng.reporters.JUnitReportReporter -->
<testsuite hostname="DESKTOP-KM0QCD1" failures="0" tests="1" name="com.practice.stockcheck.StockCountCheck" time="1.131" errors="0" timestamp="2023-12-21T21:31:56 IST" skipped="0">
  <testcase classname="com.practice.stockcheck.StockCountCheck" name="testCheckStockAvailability" time="1.131"/>
  <system-out/>
</testsuite> <!-- com.practice.stockcheck.StockCountCheck -->
