<?xml version="1.0" encoding="UTF-8"?>
<!-- Generated by org.testng.reporters.JUnitReportReporter -->
<testsuite hostname="DESKTOP-KM0QCD1" failures="0" tests="3" name="Phase3.Assignment02_RestAssured.putRequestMethod2" time="8.927" errors="0" timestamp="2024-01-23T22:49:47 IST" skipped="0">
  <testcase classname="Phase3.Assignment02_RestAssured.putRequestMethod2" name="putCallTesting" time="2.978"/>
  <testcase classname="Phase3.Assignment02_RestAssured.putRequestMethod2" name="putCallTesting" time="2.973"/>
  <testcase classname="Phase3.Assignment02_RestAssured.putRequestMethod2" name="putCallTesting" time="2.976"/>
</testsuite> <!-- Phase3.Assignment02_RestAssured.putRequestMethod2 -->
