<?xml version="1.0" encoding="UTF-8"?>
<!-- Generated by org.testng.reporters.JUnitReportReporter -->
<testsuite hostname="DESKTOP-KM0QCD1" failures="0" tests="3" name="Phase3.Assignment05.RestAssured.PetStoreFindByStatusTest" time="16.612" errors="0" timestamp="2024-01-23T19:56:00 IST" skipped="0">
  <testcase classname="Phase3.Assignment05.RestAssured.PetStoreFindByStatusTest" name="findPetsByPendingStatus" time="2.997"/>
  <testcase classname="Phase3.Assignment05.RestAssured.PetStoreFindByStatusTest" name="findPetsByAvailableStatus" time="10.640"/>
  <testcase classname="Phase3.Assignment05.RestAssured.PetStoreFindByStatusTest" name="findPetsBySoldStatus" time="2.975"/>
</testsuite> <!-- Phase3.Assignment05.RestAssured.PetStoreFindByStatusTest -->
