<?xml version="1.0" encoding="UTF-8"?>
<!-- Generated by org.testng.reporters.JUnitReportReporter -->
<testsuite hostname="DESKTOP-KM0QCD1" failures="0" tests="3" name="Phase3.Assignment02_RestAssured.putRequest" time="17.202" errors="0" timestamp="2024-01-23T15:27:23 IST" skipped="0">
  <testcase classname="Phase3.Assignment02_RestAssured.putRequest" name="putCallTesting" time="11.119"/>
  <testcase classname="Phase3.Assignment02_RestAssured.putRequest" name="putCallTesting" time="3.042"/>
  <testcase classname="Phase3.Assignment02_RestAssured.putRequest" name="putCallTesting" time="3.041"/>
</testsuite> <!-- Phase3.Assignment02_RestAssured.putRequest -->
