<?xml version="1.0" encoding="UTF-8"?>
<!-- Generated by org.testng.reporters.JUnitReportReporter -->
<testsuite hostname="DESKTOP-KM0QCD1" failures="0" tests="1" name="Phase3.Assignment06.RestAssured.UserLogout" time="2.900" errors="0" timestamp="2024-01-23T22:49:47 IST" skipped="0">
  <testcase classname="Phase3.Assignment06.RestAssured.UserLogout" name="TestUserLogout" time="2.900"/>
</testsuite> <!-- Phase3.Assignment06.RestAssured.UserLogout -->
