<?xml version="1.0" encoding="UTF-8"?>
<!-- Generated by org.testng.reporters.JUnitReportReporter -->
<testsuite hostname="DESKTOP-KM0QCD1" failures="0" tests="1" name="MphasisATE_CapstoneProjectRestAssured_TestNG_Medicare.PutUpdateStatusProduct" time="6.694" errors="0" timestamp="2024-01-27T10:06:43 IST" skipped="0">
  <testcase classname="MphasisATE_CapstoneProjectRestAssured_TestNG_Medicare.PutUpdateStatusProduct" name="testPostUpdateProductStatus" time="6.694"/>
</testsuite> <!-- MphasisATE_CapstoneProjectRestAssured_TestNG_Medicare.PutUpdateStatusProduct -->
