<?xml version="1.0" encoding="UTF-8"?>
<!-- Generated by org.testng.reporters.JUnitReportReporter -->
<testsuite hostname="DESKTOP-KM0QCD1" failures="0" tests="1" name="MphasisATE_CapstoneProjectRestAssured_TestNG_Medicare.PutUpdateProduct" time="7.211" errors="0" timestamp="2024-01-27T10:05:17 IST" skipped="0">
  <testcase classname="MphasisATE_CapstoneProjectRestAssured_TestNG_Medicare.PutUpdateProduct" name="testPutUpdate" time="7.211"/>
</testsuite> <!-- MphasisATE_CapstoneProjectRestAssured_TestNG_Medicare.PutUpdateProduct -->
