<?xml version="1.0" encoding="UTF-8"?>
<!-- Generated by org.testng.reporters.JUnitReportReporter -->
<testsuite hostname="DESKTOP-KM0QCD1" failures="0" tests="1"
	name="Phase3.RestAssuredLearningPractice.practice2_GetRequestAndResponse"
	time="8.104" errors="0" timestamp="2024-01-18T19:08:45 IST" skipped="0">
	<testcase
		classname="Phase3.RestAssuredLearningPractice.practice2_GetRequestAndResponse"
		name="getRequestTest" time="8.104" />
</testsuite> <!--
Phase3.RestAssuredLearningPractice.practice2_GetRequestAndResponse -->
