<?xml version="1.0" encoding="UTF-8"?>
<!-- Generated by org.testng.reporters.JUnitReportReporter -->
<testsuite hostname="DESKTOP-KM0QCD1" failures="0" tests="2" name="Phase3.RestAssuredAuthenticationPractice.Practice7_SSLauthentication" time="1.231" errors="0" timestamp="2024-01-22T16:49:28 IST" skipped="0">
  <testcase classname="Phase3.RestAssuredAuthenticationPractice.Practice7_SSLauthentication" name="TestSSLAuthentication2" time="0.485"/>
  <testcase classname="Phase3.RestAssuredAuthenticationPractice.Practice7_SSLauthentication" name="TestSSLAuthentication1" time="0.746"/>
</testsuite> <!-- Phase3.RestAssuredAuthenticationPractice.Practice7_SSLauthentication -->
