<?xml version="1.0" encoding="UTF-8"?>
<!-- Generated by org.testng.reporters.JUnitReportReporter -->
<testsuite hostname="DESKTOP-KM0QCD1" failures="0" tests="1" name="Phase3.LogFileGeneratorWithLog4j.LogFile_OAuth_AuthenticationTest" time="9.356" errors="0" timestamp="2024-01-20T15:40:53 IST" skipped="0">
  <testcase classname="Phase3.LogFileGeneratorWithLog4j.LogFile_OAuth_AuthenticationTest" name="testAuthenticationwithUserCredentials" time="9.356"/>
</testsuite> <!-- Phase3.LogFileGeneratorWithLog4j.LogFile_OAuth_AuthenticationTest -->
