<?xml version="1.0" encoding="UTF-8"?>
<!-- Generated by org.testng.reporters.JUnitReportReporter -->
<testsuite hostname="DESKTOP-KM0QCD1" failures="0" tests="2" name="Phase3.TRYandCATCHblock.tcOAuth_Authentication" time="10.606" errors="0" timestamp="2024-01-20T16:00:21 IST" skipped="0">
  <testcase classname="Phase3.TRYandCATCHblock.tcOAuth_Authentication" name="testAuthenticationwithUserCredentials" time="0.813"/>
  <testcase classname="Phase3.TRYandCATCHblock.tcOAuth_Authentication" name="testAuthenticationwithToken" time="9.793"/>
</testsuite> <!-- Phase3.TRYandCATCHblock.tcOAuth_Authentication -->
