<?xml version="1.0" encoding="UTF-8"?>
<!-- Generated by org.testng.reporters.JUnitReportReporter -->
<testsuite hostname="DESKTOP-KM0QCD1" failures="0" tests="1" name="Phase3.RestAssuredLearningPractice.practice5_GET_POST_XMLandJSON" time="1.546" errors="0" timestamp="2024-01-22T16:49:28 IST" skipped="0">
  <testcase classname="Phase3.RestAssuredLearningPractice.practice5_GET_POST_XMLandJSON" name="postXMLRequestTest" time="1.546"/>
</testsuite> <!-- Phase3.RestAssuredLearningPractice.practice5_GET_POST_XMLandJSON -->
