<?xml version="1.0" encoding="UTF-8"?>
<!-- Generated by org.testng.reporters.JUnitReportReporter -->
<testsuite hostname="DESKTOP-KM0QCD1" failures="0" tests="3" name="Phase3.RestAssuredLearningPractice.deleteRequest" time="7.011" errors="0" timestamp="2024-01-20T20:05:57 IST" skipped="0">
  <testcase classname="Phase3.RestAssuredLearningPractice.deleteRequest" name="putRequestTest" time="0.827"/>
  <testcase classname="Phase3.RestAssuredLearningPractice.deleteRequest" name="putRequestTest" time="5.510"/>
  <testcase classname="Phase3.RestAssuredLearningPractice.deleteRequest" name="putRequestTest" time="0.674"/>
</testsuite> <!-- Phase3.RestAssuredLearningPractice.deleteRequest -->
