<?xml version="1.0" encoding="UTF-8"?>
<!-- Generated by org.testng.reporters.JUnitReportReporter -->
<testsuite hostname="DESKTOP-KM0QCD1" failures="0" tests="3" name="Phase3.RestAssuredAuthenticationPractice.OAuth_AuthenticationTest" time="13.278" errors="0" timestamp="2024-01-20T12:10:55 IST" skipped="0">
  <testcase classname="Phase3.RestAssuredAuthenticationPractice.OAuth_AuthenticationTest" name="testAuthenticationwithToken" time="1.608"/>
  <testcase classname="Phase3.RestAssuredAuthenticationPractice.OAuth_AuthenticationTest" name="testAuthenticationCurrentauthUserFromToken" time="10.855"/>
  <testcase classname="Phase3.RestAssuredAuthenticationPractice.OAuth_AuthenticationTest" name="testAuthenticationwithUserCredentials" time="0.815"/>
</testsuite> <!-- Phase3.RestAssuredAuthenticationPractice.OAuth_AuthenticationTest -->
