<?xml version="1.0" encoding="UTF-8"?>
<!-- Generated by org.testng.reporters.JUnitReportReporter -->
<testsuite hostname="DESKTOP-KM0QCD1" failures="0" tests="1" name="Phase3.RestAssuredLearningPractice.practice2_GetRequestAndResponse" time="6.238" errors="0" timestamp="2024-01-22T16:49:28 IST" skipped="0">
  <testcase classname="Phase3.RestAssuredLearningPractice.practice2_GetRequestAndResponse" name="getRequestTest" time="6.238"/>
</testsuite> <!-- Phase3.RestAssuredLearningPractice.practice2_GetRequestAndResponse -->
