<?xml version="1.0" encoding="UTF-8"?>
<!-- Generated by org.testng.reporters.JUnitReportReporter -->
<testsuite hostname="DESKTOP-KM0QCD1" failures="0" tests="1" name="Phase3.PracticeProject3.RestAssured.UserModuleOfApplication.UnknownUserDetails" time="6.583" errors="0" timestamp="2024-01-21T11:01:26 IST" skipped="0">
  <testcase classname="Phase3.PracticeProject3.RestAssured.UserModuleOfApplication.UnknownUserDetails" name="TestUserDetails" time="6.583"/>
</testsuite> <!-- Phase3.PracticeProject3.RestAssured.UserModuleOfApplication.UnknownUserDetails -->
