<?xml version="1.0" encoding="UTF-8"?>
<!-- Generated by org.testng.reporters.JUnitReportReporter -->
<testsuite hostname="DESKTOP-KM0QCD1" failures="0" tests="1" name="Phase3.LogFileGeneratorWithLog4j.AuthenticationLogFile" time="9.600" errors="0" timestamp="2024-01-20T15:20:09 IST" skipped="0">
  <testcase classname="Phase3.LogFileGeneratorWithLog4j.AuthenticationLogFile" name="testAuthenticationToken" time="9.600"/>
</testsuite> <!-- Phase3.LogFileGeneratorWithLog4j.AuthenticationLogFile -->
