<?xml version="1.0" encoding="UTF-8"?>
<!-- Generated by org.testng.reporters.JUnitReportReporter -->
<testsuite hostname="DESKTOP-KM0QCD1" failures="0" tests="2" name="Phase3.RestAssuredLearningPractice.practice3_PostRequestAndResponse" time="11.562" errors="0" timestamp="2024-01-18T20:50:21 IST" skipped="0">
  <testcase classname="Phase3.RestAssuredLearningPractice.practice3_PostRequestAndResponse" name="postRequestTest2" time="1.713"/>
  <testcase classname="Phase3.RestAssuredLearningPractice.practice3_PostRequestAndResponse" name="postRequestTest" time="9.849"/>
</testsuite> <!-- Phase3.RestAssuredLearningPractice.practice3_PostRequestAndResponse -->
