<?xml version="1.0" encoding="UTF-8"?>
<!-- Generated by org.testng.reporters.JUnitReportReporter -->
<testsuite hostname="DESKTOP-KM0QCD1" failures="0" tests="1" name="Phase3.Practice11_LogFileGeneratorWithLog4j.AuthenticationLogFile" time="9.481" errors="0" timestamp="2024-01-21T09:55:48 IST" skipped="0">
  <testcase classname="Phase3.Practice11_LogFileGeneratorWithLog4j.AuthenticationLogFile" name="testAuthenticationToken" time="9.481"/>
</testsuite> <!-- Phase3.Practice11_LogFileGeneratorWithLog4j.AuthenticationLogFile -->
