<?xml version="1.0" encoding="UTF-8"?>
<!-- Generated by org.testng.reporters.JUnitReportReporter -->
<testsuite hostname="DESKTOP-KM0QCD1" failures="0" tests="4" name="Phase3.RestAssured.Log4j.TestLog4j" time="0.249" errors="0" timestamp="2024-01-20T12:34:59 IST" skipped="0">
  <testcase classname="Phase3.RestAssured.Log4j.TestLog4j" name="testErrorLogs" time="0.012"/>
  <testcase classname="Phase3.RestAssured.Log4j.TestLog4j" name="testDebugLogs" time="0.118"/>
  <testcase classname="Phase3.RestAssured.Log4j.TestLog4j" name="testWarnLogs" time="0.018"/>
  <testcase classname="Phase3.RestAssured.Log4j.TestLog4j" name="testInfoLogs" time="0.101"/>
</testsuite> <!-- Phase3.RestAssured.Log4j.TestLog4j -->
