<?xml version="1.0" encoding="UTF-8"?>
<!-- Generated by org.testng.reporters.JUnitReportReporter -->
<testsuite hostname="DESKTOP-KM0QCD1" failures="0" tests="3" name="Phase3.RestAssuredAuthenticationPractice.OAuth_AuthenticationTest" time="4.042" errors="0" timestamp="2024-01-22T16:49:28 IST" skipped="0">
  <testcase classname="Phase3.RestAssuredAuthenticationPractice.OAuth_AuthenticationTest" name="testAuthenticationwithUserCredentials" time="0.790"/>
  <testcase classname="Phase3.RestAssuredAuthenticationPractice.OAuth_AuthenticationTest" name="testAuthenticationwithToken" time="1.540"/>
  <testcase classname="Phase3.RestAssuredAuthenticationPractice.OAuth_AuthenticationTest" name="testAuthenticationCurrentauthUserFromToken" time="1.712"/>
</testsuite> <!-- Phase3.RestAssuredAuthenticationPractice.OAuth_AuthenticationTest -->
