<?xml version="1.0" encoding="UTF-8"?>
<!-- Generated by org.testng.reporters.JUnitReportReporter -->
<testsuite hostname="DESKTOP-KM0QCD1" failures="0" tests="1" name="Phase3.RestAssuredLearningPractice.practice6_HandleOAuthAuthorizationinRESTAPIUsingRESTAssured" time="8.894" errors="0" timestamp="2024-01-18T22:42:53 IST" skipped="0">
  <testcase classname="Phase3.RestAssuredLearningPractice.practice6_HandleOAuthAuthorizationinRESTAPIUsingRESTAssured" name="testAuthenticationToken" time="8.894"/>
</testsuite> <!-- Phase3.RestAssuredLearningPractice.practice6_HandleOAuthAuthorizationinRESTAPIUsingRESTAssured -->
