<?xml version="1.0" encoding="UTF-8"?>
<!-- Generated by org.testng.reporters.JUnitReportReporter -->
<testsuite hostname="DESKTOP-KM0QCD1" failures="0" tests="1" name="Phase3.RestAssuredLearningPractice.patchRequest" time="9.170" errors="0" timestamp="2024-01-20T20:24:52 IST" skipped="0">
  <testcase classname="Phase3.RestAssuredLearningPractice.patchRequest" name="putRequestTest" time="9.170"/>
</testsuite> <!-- Phase3.RestAssuredLearningPractice.patchRequest -->
