<?xml version="1.0" encoding="UTF-8"?>
<!-- Generated by org.testng.reporters.JUnitReportReporter -->
<testsuite hostname="DESKTOP-KM0QCD1" failures="0" tests="4" name="Phase3.RestAssuredLearningPractice.practice4_SendXMLPayloadinRESTassuredParseXMLResponseinRESTAssured" time="9.347" errors="0" timestamp="2024-01-18T22:17:32 IST" skipped="0">
  <testcase classname="Phase3.RestAssuredLearningPractice.practice4_SendXMLPayloadinRESTassuredParseXMLResponseinRESTAssured" name="postXMLRequestTest" time="5.652"/>
  <testcase classname="Phase3.RestAssuredLearningPractice.practice4_SendXMLPayloadinRESTassuredParseXMLResponseinRESTAssured" name="postXMLRequestTest" time="1.193"/>
  <testcase classname="Phase3.RestAssuredLearningPractice.practice4_SendXMLPayloadinRESTassuredParseXMLResponseinRESTAssured" name="postXMLRequestTest" time="1.233"/>
  <testcase classname="Phase3.RestAssuredLearningPractice.practice4_SendXMLPayloadinRESTassuredParseXMLResponseinRESTAssured" name="postXMLRequestTest" time="1.269"/>
</testsuite> <!-- Phase3.RestAssuredLearningPractice.practice4_SendXMLPayloadinRESTassuredParseXMLResponseinRESTAssured -->
