<?xml version="1.0" encoding="UTF-8"?>
<!-- Generated by org.testng.reporters.JUnitReportReporter -->
<testsuite hostname="DESKTOP-KM0QCD1" failures="0" tests="1" name="Phase3.Practice8_RestAssured.Log4j.GETRequestLogger" time="7.164" errors="0" timestamp="2024-01-20T18:41:17 IST" skipped="0">
  <testcase classname="Phase3.Practice8_RestAssured.Log4j.GETRequestLogger" name="getRequestTest" time="7.164"/>
</testsuite> <!-- Phase3.Practice8_RestAssured.Log4j.GETRequestLogger -->
