<?xml version="1.0" encoding="UTF-8"?>
<!-- Generated by org.testng.reporters.JUnitReportReporter -->
<testsuite hostname="DESKTOP-KM0QCD1" failures="0" tests="2" name="Phase3.RestAssuredLearningPractice.practice3_PostRequestAndResponse" time="6.376" errors="0" timestamp="2024-01-22T16:49:28 IST" skipped="0">
  <testcase classname="Phase3.RestAssuredLearningPractice.practice3_PostRequestAndResponse" name="postRequestTest" time="3.420"/>
  <testcase classname="Phase3.RestAssuredLearningPractice.practice3_PostRequestAndResponse" name="postRequestTest2" time="2.956"/>
</testsuite> <!-- Phase3.RestAssuredLearningPractice.practice3_PostRequestAndResponse -->
