<?xml version="1.0" encoding="UTF-8"?>
<!-- Generated by org.testng.reporters.JUnitReportReporter -->
<testsuite hostname="DESKTOP-KM0QCD1" failures="0" tests="1" name="Phase3.RestAssuredLearningPractice.practice5_GET_POST_XMLandJSON" time="7.786" errors="0" timestamp="2024-01-20T17:41:50 IST" skipped="0">
  <testcase classname="Phase3.RestAssuredLearningPractice.practice5_GET_POST_XMLandJSON" name="postXMLRequestTest" time="7.786"/>
</testsuite> <!-- Phase3.RestAssuredLearningPractice.practice5_GET_POST_XMLandJSON -->
