<?xml version="1.0" encoding="UTF-8"?>
<!-- Generated by org.testng.reporters.JUnitReportReporter -->
<testsuite hostname="DESKTOP-KM0QCD1" failures="0" tests="3" name="Phase3.RestAssuredLearningPractice.deleteRequest" time="4.844" errors="0" timestamp="2024-01-22T16:49:28 IST" skipped="0">
  <testcase classname="Phase3.RestAssuredLearningPractice.deleteRequest" name="putRequestTest" time="0.860"/>
  <testcase classname="Phase3.RestAssuredLearningPractice.deleteRequest" name="putRequestTest" time="0.808"/>
  <testcase classname="Phase3.RestAssuredLearningPractice.deleteRequest" name="putRequestTest" time="3.176"/>
</testsuite> <!-- Phase3.RestAssuredLearningPractice.deleteRequest -->
