<?xml version="1.0" encoding="UTF-8"?>
<!-- Generated by org.testng.reporters.JUnitReportReporter -->
<testsuite hostname="DESKTOP-KM0QCD1" failures="0" tests="2" name="com.simplilearn.testng.amazon.AmazonSearchTest" time="6.728" errors="0" timestamp="2023-12-16T17:37:06 IST" skipped="0">
  <testcase classname="com.simplilearn.testng.amazon.AmazonSearchTest" name="testSearch1" time="3.832"/>
  <testcase classname="com.simplilearn.testng.amazon.AmazonSearchTest" name="testSearch2" time="2.896"/>
</testsuite> <!-- com.simplilearn.testng.amazon.AmazonSearchTest -->
