<?xml version="1.0" encoding="UTF-8"?>
<!-- Generated by org.testng.reporters.JUnitReportReporter -->
<testsuite hostname="DESKTOP-KM0QCD1" failures="0" tests="2" name="com.practice.extentReport.amazon" time="6.741" errors="0" timestamp="2023-12-16T17:42:51 IST" skipped="0">
  <testcase classname="com.practice.extentReport.amazon" name="testSearch1" time="3.630"/>
  <testcase classname="com.practice.extentReport.amazon" name="testSearch2" time="3.111"/>
</testsuite> <!-- com.practice.extentReport.amazon -->
