<?xml version="1.0" encoding="UTF-8"?>
<!-- Generated by org.testng.reporters.JUnitReportReporter -->
<testsuite hostname="DESKTOP-KM0QCD1" failures="0" tests="2" name="com.phase2projectRedBusTicket.com.RedBusTest" time="35.261" errors="0" timestamp="2023-12-21T16:26:02 IST" skipped="0">
  <testcase classname="com.phase2projectRedBusTicket.com.RedBusTest" name="chromeTest" time="12.718"/>
  <system-out/>
  <testcase classname="com.phase2projectRedBusTicket.com.RedBusTest" name="edgeTest" time="22.543"/>
  <system-out/>
</testsuite> <!-- com.phase2projectRedBusTicket.com.RedBusTest -->
