<?xml version="1.0" encoding="UTF-8"?>
<!-- Generated by org.testng.reporters.JUnitReportReporter -->
<testsuite hostname="DESKTOP-KM0QCD1" failures="0" tests="1" name="Phase3.FinalProjectRestAssured.Assignment_01PostRequest" time="5.603" errors="0" timestamp="2024-01-22T16:20:40 IST" skipped="0">
  <testcase classname="Phase3.FinalProjectRestAssured.Assignment_01PostRequest" name="testPostPet" time="5.603"/>
</testsuite> <!-- Phase3.FinalProjectRestAssured.Assignment_01PostRequest -->
