<?xml version="1.0" encoding="UTF-8"?>
<!-- Generated by org.testng.reporters.JUnitReportReporter -->
<testsuite hostname="DESKTOP-KM0QCD1" failures="0" tests="3" name="Phase3.Assignment05.RestAssured.TestPetStoreFindByStatus" time="9.795" errors="0" timestamp="2024-01-23T22:49:47 IST" skipped="0">
  <testcase classname="Phase3.Assignment05.RestAssured.TestPetStoreFindByStatus" name="findPetsByPendingStatus" time="2.964"/>
  <testcase classname="Phase3.Assignment05.RestAssured.TestPetStoreFindByStatus" name="findPetsByAvailableStatus" time="3.952"/>
  <testcase classname="Phase3.Assignment05.RestAssured.TestPetStoreFindByStatus" name="findPetsBySoldStatus" time="2.879"/>
</testsuite> <!-- Phase3.Assignment05.RestAssured.TestPetStoreFindByStatus -->
