<?xml version="1.0" encoding="UTF-8"?>
<!-- Generated by org.testng.reporters.JUnitReportReporter -->
<testsuite hostname="DESKTOP-KM0QCD1" failures="0" tests="3" name="Phase3.Assignment05.RestAssured.PetStoreFindByStatusTest" time="12.353" errors="0" timestamp="2024-01-22T22:12:14 IST" skipped="0">
  <testcase classname="Phase3.Assignment05.RestAssured.PetStoreFindByStatusTest" name="findPetsByAvailableStatus" time="9.461"/>
  <testcase classname="Phase3.Assignment05.RestAssured.PetStoreFindByStatusTest" name="findPetsBySoldStatus" time="1.446"/>
  <testcase classname="Phase3.Assignment05.RestAssured.PetStoreFindByStatusTest" name="findPetsByPendingStatus" time="1.446"/>
</testsuite> <!-- Phase3.Assignment05.RestAssured.PetStoreFindByStatusTest -->
