<?xml version="1.0" encoding="UTF-8"?>
<!-- Generated by org.testng.reporters.JUnitReportReporter -->
<testsuite hostname="DESKTOP-KM0QCD1" failures="0" tests="3" name="Phase3.Assignment02_RestAssured.putRequest" time="7.919" errors="0" timestamp="2024-01-22T20:12:48 IST" skipped="0">
  <testcase classname="Phase3.Assignment02_RestAssured.putRequest" name="putCallTesting" time="5.565"/>
  <testcase classname="Phase3.Assignment02_RestAssured.putRequest" name="putCallTesting" time="1.222"/>
  <testcase classname="Phase3.Assignment02_RestAssured.putRequest" name="putCallTesting" time="1.132"/>
</testsuite> <!-- Phase3.Assignment02_RestAssured.putRequest -->
