<?xml version="1.0" encoding="UTF-8"?>
<!-- Generated by org.testng.reporters.JUnitReportReporter -->
<testsuite hostname="DESKTOP-KM0QCD1" failures="0" tests="1" name="Phase3.Assignment04_RestAssured.GetRequestAuthentication" time="10.161" errors="0" timestamp="2024-01-22T21:58:36 IST" skipped="0">
  <testcase classname="Phase3.Assignment04_RestAssured.GetRequestAuthentication" name="testAuthenticationToken" time="10.161"/>
</testsuite> <!-- Phase3.Assignment04_RestAssured.GetRequestAuthentication -->
