<?xml version="1.0" encoding="UTF-8"?>
<!-- Generated by org.testng.reporters.JUnitReportReporter -->
<testsuite hostname="DESKTOP-KM0QCD1" failures="0" tests="1" name="Phase3.Assignment06.RestAssured.UserLogout" time="7.228" errors="0" timestamp="2024-01-22T22:45:02 IST" skipped="0">
  <testcase classname="Phase3.Assignment06.RestAssured.UserLogout" name="TestUserLogout" time="7.228"/>
</testsuite> <!-- Phase3.Assignment06.RestAssured.UserLogout -->
