<?xml version="1.0" encoding="UTF-8"?>
<!-- Generated by org.testng.reporters.JUnitReportReporter -->
<testsuite hostname="DESKTOP-KM0QCD1" failures="0" tests="1" name="Phase3.Assignment01_RestAssured.PostRequest" time="5.781" errors="0" timestamp="2024-01-22T20:07:39 IST" skipped="0">
  <testcase classname="Phase3.Assignment01_RestAssured.PostRequest" name="testPostPet" time="5.781"/>
</testsuite> <!-- Phase3.Assignment01_RestAssured.PostRequest -->
