<?xml version="1.0" encoding="UTF-8"?>
<!-- Generated by org.testng.reporters.JUnitReportReporter -->
<testsuite hostname="DESKTOP-KM0QCD1" failures="0" tests="1" name="Phase3.Assignment01_RestAssured.GetRequest" time="1.306" errors="0" timestamp="2024-01-22T19:43:26 IST" skipped="0">
  <testcase classname="Phase3.Assignment01_RestAssured.GetRequest" name="testGetPet" time="1.306"/>
</testsuite> <!-- Phase3.Assignment01_RestAssured.GetRequest -->
