<?xml version="1.0" encoding="UTF-8"?>
<!-- Generated by org.testng.reporters.JUnitReportReporter -->
<testsuite hostname="DESKTOP-KM0QCD1" failures="0" tests="1" name="MphasisATE_CapstoneProject_Selenium_TestNG_Medicare.MedicareRegisterPage" time="3.132" errors="0" timestamp="2024-01-27T10:34:41 IST" skipped="0">
  <testcase classname="MphasisATE_CapstoneProject_Selenium_TestNG_Medicare.MedicareRegisterPage" name="testRegisterPage" time="3.132"/>
</testsuite> <!-- MphasisATE_CapstoneProject_Selenium_TestNG_Medicare.MedicareRegisterPage -->
