<?xml version="1.0" encoding="UTF-8"?>
<!-- Generated by org.testng.reporters.JUnitReportReporter -->
<testsuite hostname="DESKTOP-KM0QCD1" failures="0" tests="3" name="MphasisATE_CapstoneProject_Selenium_TestNG_Medicare.MedicarePlaceOrderPage" time="23.857" errors="0" timestamp="2024-01-27T10:34:40 IST" skipped="0">
  <testcase classname="MphasisATE_CapstoneProject_Selenium_TestNG_Medicare.MedicarePlaceOrderPage" name="testRegisterPage" time="3.302"/>
  <testcase classname="MphasisATE_CapstoneProject_Selenium_TestNG_Medicare.MedicarePlaceOrderPage" name="testCartPage" time="13.667"/>
  <testcase classname="MphasisATE_CapstoneProject_Selenium_TestNG_Medicare.MedicarePlaceOrderPage" name="PlaceOrder" time="6.888"/>
</testsuite> <!-- MphasisATE_CapstoneProject_Selenium_TestNG_Medicare.MedicarePlaceOrderPage -->
