<?xml version="1.0" encoding="UTF-8"?>
<!-- Generated by org.testng.reporters.JUnitReportReporter -->
<testsuite hostname="DESKTOP-KM0QCD1" failures="0" tests="2" name="MphasisATE_CapstoneProject_Selenium_TestNG_Medicare.MedicareAddProductToCart" time="16.455" errors="0" timestamp="2024-01-27T10:34:41 IST" skipped="0">
  <testcase classname="MphasisATE_CapstoneProject_Selenium_TestNG_Medicare.MedicareAddProductToCart" name="testRegisterPage" time="3.188"/>
  <testcase classname="MphasisATE_CapstoneProject_Selenium_TestNG_Medicare.MedicareAddProductToCart" name="testCartPage" time="13.267"/>
</testsuite> <!-- MphasisATE_CapstoneProject_Selenium_TestNG_Medicare.MedicareAddProductToCart -->
