<?xml version="1.0" encoding="UTF-8"?>
<!-- Generated by org.testng.reporters.JUnitReportReporter -->
<testsuite hostname="DESKTOP-KM0QCD1" failures="0" tests="6" name="MphasisATE_CapstoneProject_Selenium_TestNG_Medicare.MedicareRegistrationPage" time="54.176" errors="0" timestamp="2024-01-26T12:04:04 IST" skipped="0">
  <testcase classname="MphasisATE_CapstoneProject_Selenium_TestNG_Medicare.MedicareRegistrationPage" name="testLoginPage" time="6.027"/>
  <testcase classname="MphasisATE_CapstoneProject_Selenium_TestNG_Medicare.MedicareRegistrationPage" name="testRegisterPage" time="3.056"/>
  <testcase classname="MphasisATE_CapstoneProject_Selenium_TestNG_Medicare.MedicareRegistrationPage" name="testCartPage" time="13.143"/>
  <testcase classname="MphasisATE_CapstoneProject_Selenium_TestNG_Medicare.MedicareRegistrationPage" name="PlaceOrder" time="6.984"/>
  <testcase classname="MphasisATE_CapstoneProject_Selenium_TestNG_Medicare.MedicareRegistrationPage" name="Searchtheproduct" time="7.076"/>
  <testcase classname="MphasisATE_CapstoneProject_Selenium_TestNG_Medicare.MedicareRegistrationPage" name="Filtertheproduct" time="17.890"/>
</testsuite> <!-- MphasisATE_CapstoneProject_Selenium_TestNG_Medicare.MedicareRegistrationPage -->
